[1/9] Performing build step for 'bootloader'
[1/1] cmd.exe /C "cd /D D:\Projects\ESP32\hello_freertos\build\bootloader\esp-idf\esptool_py && D:\Espressif\python_env\idf5.1_py3.11_env\Scripts\python.exe D:/Espressif/frameworks/esp-idf-v5.1.1/components/partition_table/check_sizes.py --offset 0x8000 bootloader 0x0 D:/Projects/ESP32/hello_freertos/build/bootloader/bootloader.bin"
Bootloader binary size 0x51f0 bytes. 0x2e10 bytes (36%) free.
[2/7] Building C object esp-idf/main/CMakeFiles/__idf_main.dir/main.c.obj
[3/7] Linking C static library esp-idf\main\libmain.a
[4/7] Generating ld/sections.ld
[5/7] Linking CXX executable main.elf
FAILED: main.elf 
cmd.exe /C "cd . && D:\Espressif\tools\xtensa-esp32s3-elf\esp-12.2.0_20230208\xtensa-esp32s3-elf\bin\xtensa-esp32s3-elf-g++.exe -mlongcalls -Wl,--cref -Wl,--defsym=IDF_TARGET_ESP32S3=0 -Wl,--Map=D:/Projects/ESP32/hello_freertos/build/main.map -Wl,--no-warn-rwx-segments -fno-rtti -fno-lto -Wl,--gc-sections -Wl,--warn-common -T esp32s3.peripherals.ld -T esp32s3.rom.ld -T esp32s3.rom.api.ld -T esp32s3.rom.libgcc.ld -T esp32s3.rom.newlib.ld -T esp32s3.rom.version.ld -T memory.ld -T sections.ld @CMakeFiles\main.elf.rsp -o main.elf  && cd ."
d:/espressif/tools/xtensa-esp32s3-elf/esp-12.2.0_20230208/xtensa-esp32s3-elf/bin/../lib/gcc/xtensa-esp32s3-elf/12.2.0/../../../../xtensa-esp32s3-elf/bin/ld.exe: esp-idf/main/libmain.a(main.c.obj):(.literal.hello_task+0x8): undefined reference to `vTaskGetInfo'
d:/espressif/tools/xtensa-esp32s3-elf/esp-12.2.0_20230208/xtensa-esp32s3-elf/bin/../lib/gcc/xtensa-esp32s3-elf/12.2.0/../../../../xtensa-esp32s3-elf/bin/ld.exe: esp-idf/main/libmain.a(main.c.obj): in function `hello_task':
D:/Projects/ESP32/hello_freertos/main/main.c:16: undefined reference to `vTaskGetInfo'
collect2.exe: error: ld returned 1 exit status
ninja: build stopped: subcommand failed.
